[2026-04-09T07:51:55.521Z] [INFO] Announcement created {"ip":"::1","adminEmail":"joash_nas@dlsu.edu.ph","length":17}
[2026-04-09T07:52:40.512Z] [INFO] Kitchen note created {"ip":"::1","adminEmail":"joash_nas@dlsu.edu.ph","length":5}
[2026-04-09T08:11:38.025Z] [INFO] Admin settings updated {"ip":"::1","adminEmail":"joash_nas@dlsu.edu.ph","max_reservations_per_slot":18,"preparation_time_minutes":15}
[2026-04-09T08:11:51.955Z] [INFO] Admin settings updated {"ip":"::1","adminEmail":"joash_nas@dlsu.edu.ph","max_reservations_per_slot":18,"preparation_time_minutes":15}
[2026-04-09T08:11:54.096Z] [INFO] Admin settings updated {"ip":"::1","adminEmail":"joash_nas@dlsu.edu.ph","max_reservations_per_slot":18,"preparation_time_minutes":15}
[2026-04-09T08:11:57.511Z] [INFO] Admin settings updated {"ip":"::1","adminEmail":"joash_nas@dlsu.edu.ph","max_reservations_per_slot":18,"preparation_time_minutes":15}
[2026-04-09T08:12:22.661Z] [INFO] Admin settings updated {"ip":"::1","adminEmail":"joash_nas@dlsu.edu.ph","max_reservations_per_slot":18,"preparation_time_minutes":15}
[2026-04-09T08:13:55.969Z] [INFO] Admin settings updated {"ip":"::1","adminEmail":"joash_nas@dlsu.edu.ph","max_reservations_per_slot":18,"preparation_time_minutes":15}
[2026-04-09T08:25:59.210Z] [INFO] Admin settings updated {"ip":"::1","adminEmail":"joash_nas@dlsu.edu.ph","max_reservations_per_slot":20,"preparation_time_minutes":15,"dine_in_time_limit_minutes":90,"grace_period_minutes":10}
[2026-04-09T08:26:01.219Z] [INFO] Admin settings updated {"ip":"::1","adminEmail":"joash_nas@dlsu.edu.ph","max_reservations_per_slot":20,"preparation_time_minutes":15,"dine_in_time_limit_minutes":89,"grace_period_minutes":10}
[2026-04-09T09:26:12.734Z] [INFO] Announcement created {"ip":"::1","adminEmail":"joash_nas@dlsu.edu.ph","length":2}
[2026-04-09T09:26:16.289Z] [INFO] Kitchen note created {"ip":"::1","adminEmail":"joash_nas@dlsu.edu.ph","length":2}
[2026-04-09T09:26:40.053Z] [INFO] Admin settings updated {"ip":"::1","adminEmail":"joash_nas@dlsu.edu.ph","max_reservations_per_slot":21,"preparation_time_minutes":16,"dine_in_time_limit_minutes":90,"grace_period_minutes":11}
[2026-04-09T09:27:25.575Z] [INFO] Branch created {"ip":"::1","adminEmail":"joash_nas@dlsu.edu.ph","branch_name":"SamgyupGrill Taft","location":"Taft"}
[2026-04-09T09:29:39.598Z] [INFO] Menu item created {"ip":"::1","adminEmail":"joash_nas@dlsu.edu.ph","item_name":"Samgyup Couple Set","category":"Samguyp Set","price":1500}
[2026-04-09T09:23:45.430Z] [INFO] Announcement created {"ip":"::1","adminEmail":"emmanuelandrew.ting@gmail.com","length":2}
[2026-04-09T09:23:46.765Z] [INFO] Kitchen note created {"ip":"::1","adminEmail":"emmanuelandrew.ting@gmail.com","length":5}
[2026-04-09T09:27:16.847Z] [INFO] Announcement created {"ip":"::1","adminEmail":"emmanuelandrew.ting@gmail.com","length":5,"preview":"Emman"}
[2026-04-09T09:31:10.241Z] [INFO] Kitchen note created {"ip":"::1","adminEmail":"emmanuelandrew.ting@gmail.com","length":4,"preview":"Test"}
[2026-04-09T09:31:15.710Z] [INFO] Announcement created {"ip":"::1","adminEmail":"emmanuelandrew.ting@gmail.com","length":4,"preview":"test"}
[2026-04-09T09:31:18.130Z] [INFO] Admin settings updated {"ip":"::1","adminEmail":"emmanuelandrew.ting@gmail.com","max_reservations_per_slot":20,"preparation_time_minutes":15}
[2026-04-09T13:36:28.284Z] [INFO] Announcement created {"ip":"::1","adminEmail":"emmanuelandrew.ting@gmail.com","length":1,"preview":"4"}
[2026-04-09T13:40:39.438Z] [INFO] Announcement created {"ip":"::1","adminEmail":"emmanuelandrew.ting@gmail.com","length":10,"preview":"Mysql test"}
[2026-04-09T13:41:45.092Z] [INFO] Kitchen note created {"ip":"::1","adminEmail":"emmanuelandrew.ting@gmail.com","length":11,"preview":"Syslog test"}
[2026-04-09T13:45:08.735Z] [INFO] Announcement created {"ip":"::1","adminEmail":"emmanuelandrew.ting@gmail.com","length":15,"preview":"syslogging test"}
[2026-04-09T13:56:01.458Z] [INFO] Announcement created {"ip":"::1","adminEmail":"emmanuelandrew.ting@gmail.com","length":10,"preview":"papertrail"}
[2026-04-09T14:25:37.531Z] [INFO] Admin login successful {"ip":"::1","adminEmail":"joash_nas@dlsu.edu.ph","user_id":1}
[2026-04-09T14:26:23.654Z] [INFO] Announcement created {"ip":"::1","adminEmail":"joash_nas@dlsu.edu.ph","length":1,"preview":"u"}
[2026-04-09T14:29:23.693Z] [INFO] Admin login successful {"ip":"::1","adminEmail":"joash_nas@dlsu.edu.ph","user_id":1}
[2026-04-09T14:35:32.670Z] [INFO] Admin login successful {"ip":"::1","adminEmail":"joash_nas@dlsu.edu.ph","user_id":1}
[2026-04-09T14:35:50.650Z] [INFO] Reservation status updated {"ip":"::1","adminEmail":"joash_nas@dlsu.edu.ph","reservation_id":2,"customer_name":"Nash Nas","customer_email":"joashnas@gmail.com","new_status":"approved"}
[2026-04-09T14:37:45.912Z] [INFO] Reservation status updated {"ip":"::1","adminEmail":"joash_nas@dlsu.edu.ph","reservation_id":2,"customer_name":"Nash Nas","customer_email":"joashnas@gmail.com","new_status":"approved"}
[2026-04-09T14:38:09.735Z] [INFO] Reservation status updated {"ip":"::1","adminEmail":"joash_nas@dlsu.edu.ph","reservation_id":3,"customer_name":"Nash Nas","customer_email":"joashnas@gmail.com","new_status":"cancelled"}
[2026-04-09T14:38:12.147Z] [INFO] Reservation status updated {"ip":"::1","adminEmail":"joash_nas@dlsu.edu.ph","reservation_id":3,"customer_name":"Nash Nas","customer_email":"joashnas@gmail.com","new_status":"no_show"}
[2026-04-09T17:21:18.981Z] [INFO] Admin login successful {"ip":"::1","adminEmail":"joash_nas@dlsu.edu.ph","user_id":1}
[2026-04-09T17:21:29.162Z] [INFO] Branch status toggled {"ip":"::1","adminEmail":"joash_nas@dlsu.edu.ph","branch_id":4,"branch_name":"test","is_active":0}
[2026-04-09T17:21:43.105Z] [INFO] Branch status toggled {"ip":"::1","adminEmail":"joash_nas@dlsu.edu.ph","branch_id":3,"branch_name":"wd","is_active":0}
[2026-04-09T17:21:56.261Z] [INFO] Menu item availability toggled {"ip":"::1","adminEmail":"joash_nas@dlsu.edu.ph","item_id":1,"item_name":"Samgyup Couple Set","is_available":0}
[2026-04-09T17:22:04.076Z] [INFO] Admin logged out {"ip":"::1","adminEmail":"joash_nas@dlsu.edu.ph"}
[2026-04-09T17:24:59.662Z] [INFO] Admin login successful {"ip":"::1","adminEmail":"joash_nas@dlsu.edu.ph","user_id":1}
[2026-04-09T17:25:05.109Z] [INFO] Menu item availability toggled {"ip":"::1","adminEmail":"joash_nas@dlsu.edu.ph","item_id":1,"item_name":"Samgyup Couple Set","is_available":1}
[2026-04-09T17:25:15.563Z] [INFO] Branch status toggled {"ip":"::1","adminEmail":"joash_nas@dlsu.edu.ph","branch_id":3,"branch_name":"wd","is_active":1}
[2026-04-09T17:25:25.904Z] [INFO] Admin logged out {"ip":"::1","adminEmail":"joash_nas@dlsu.edu.ph"}
