{"ts":"2026-04-09T07:22:30.355Z","event":"register.success","email":"joash_nas@dlsu.edu.ph","ip":"::1","photo_path":"/public/uploads/1775719348218_f82ed7178d189e7db82a28c0ffb84125.jpg"}
{"ts":"2026-04-09T07:22:53.874Z","event":"register.email_sent","email":"joash_nas@dlsu.edu.ph","ip":"::1"}
{"ts":"2026-04-09T07:33:49.181Z","event":"verify_email.success","email":"joash_nas@dlsu.edu.ph","ip":"::1","user_id":1}
{"ts":"2026-04-09T07:35:14.776Z","event":"app.error","ip":"::1","method":"POST","path":"/api/admin/logout","message":"Cannot read properties of undefined (reading 'csrf_token')"}
{"ts":"2026-04-09T09:13:12.229Z","event":"register.success","email":"emmanuelandrew.ting@gmail.com","ip":"::1","photo_path":"/public/uploads/1775725991406_c904181781f87dd204dc3fa208662e85.jpg"}
{"ts":"2026-04-09T09:13:15.270Z","event":"register.email_sent","email":"emmanuelandrew.ting@gmail.com","ip":"::1"}
{"ts":"2026-04-09T09:13:44.737Z","event":"verify_email.failed","email":"emmanuelandrew.ting@gmail.com","ip":"::1","reason":"TOKEN_NOT_FOUND"}
{"ts":"2026-04-09T09:14:05.321Z","event":"verify_email.failed","email":"emmanuelandrew.ting@gmail.com","ip":"::1","reason":"TOKEN_NOT_FOUND"}
{"ts":"2026-04-09T09:18:10.341Z","event":"verify_email.failed","email":"emmanuelandrew.ting@gmail.com","ip":"::1","reason":"TOKEN_NOT_FOUND"}
{"ts":"2026-04-09T09:19:29.199Z","event":"verify_email.success","email":"emmanuelandrew.ting@gmail.com","ip":"::1","user_id":1}
{"ts":"2026-04-09T11:04:24.456Z","event":"register.success","email":"jianna_loyola@dlsu.edu.ph","ip":"::1","photo_path":"/public/uploads/1775732663629_920eb4e05046de62a3f0fce2d439decb.png"}
{"ts":"2026-04-09T11:04:30.471Z","event":"register.email_sent","email":"jianna_loyola@dlsu.edu.ph","ip":"::1"}
{"ts":"2026-04-09T11:04:58.730Z","event":"verify_email.success","email":"jianna_loyola@dlsu.edu.ph","ip":"::1","user_id":1}
{"ts":"2026-04-09T11:23:37.334Z","event":"reservation.create","ip":"::1","user_id":1,"email":"jianna_loyola@dlsu.edu.ph","reservation_id":1,"branch_id":1,"branch_name":"BGC","assigned_tables":"1,2","reservation_time":"11:00","reservation_end_time":"13:00"}
{"ts":"2026-04-09T11:24:49.150Z","event":"reservation.edit","ip":"::1","user_id":1,"email":"jianna_loyola@dlsu.edu.ph","reservation_id":1,"branch_id":1,"branch_name":"BGC","assigned_tables":"1,2","reservation_time":"11:00","reservation_end_time":"13:00"}
{"ts":"2026-04-09T11:30:47.330Z","event":"reservation.create","ip":"::1","user_id":17,"email":"fakehh24@gmail.com","reservation_id":1,"branch_id":1,"branch_name":"BGC","assigned_tables":"1","reservation_time":"11:00","reservation_end_time":"13:00"}
{"ts":"2026-04-09T12:24:28.169Z","event":"reservation.order.create","ip":"::1","user_id":17,"email":"fakehh24@gmail.com","reservation_id":1,"menu_item_id":12,"order_text":"Iced Tea Pitcher","quantity":2}
{"ts":"2026-04-09T12:24:37.232Z","event":"reservation.order.create","ip":"::1","user_id":17,"email":"fakehh24@gmail.com","reservation_id":1,"menu_item_id":5,"order_text":"Bulgogi Beef","quantity":1}
{"ts":"2026-04-09T12:56:40.572Z","event":"reservation.order.edit","ip":"::1","user_id":17,"email":"fakehh24@gmail.com","order_id":1,"reservation_id":1,"menu_item_id":12,"order_text":"Iced Tea Pitcher","quantity":1}
{"ts":"2026-04-09T12:56:55.546Z","event":"reservation.order.delete","ip":"::1","user_id":17,"email":"fakehh24@gmail.com","order_id":1,"reservation_id":1,"order_text":"Iced Tea Pitcher","quantity":1}
{"ts":"2026-04-09T12:58:10.905Z","event":"reservation.order.edit","ip":"::1","user_id":17,"email":"fakehh24@gmail.com","order_id":2,"reservation_id":1,"menu_item_id":5,"order_text":"Bulgogi Beef","quantity":3}
{"ts":"2026-04-09T13:07:18.720Z","event":"reservation.orders.list.error","ip":"::1","user_id":1,"reservation_id":"1","message":"Table 'samgyup_db.reservation_orders' doesn't exist"}
{"ts":"2026-04-09T13:07:23.683Z","event":"reservation.order.create.error","ip":"::1","user_id":1,"reservation_id":"1","message":"Table 'samgyup_db.reservation_orders' doesn't exist"}
{"ts":"2026-04-09T13:07:31.022Z","event":"reservation.order.create.error","ip":"::1","user_id":1,"reservation_id":"1","message":"Table 'samgyup_db.reservation_orders' doesn't exist"}
{"ts":"2026-04-09T13:07:34.957Z","event":"reservation.order.create.error","ip":"::1","user_id":1,"reservation_id":"1","message":"Table 'samgyup_db.reservation_orders' doesn't exist"}
{"ts":"2026-04-09T13:07:46.168Z","event":"reservation.orders.list.error","ip":"::1","user_id":1,"reservation_id":"1","message":"Table 'samgyup_db.reservation_orders' doesn't exist"}
{"ts":"2026-04-09T13:07:51.123Z","event":"reservation.order.create.error","ip":"::1","user_id":1,"reservation_id":"1","message":"Table 'samgyup_db.reservation_orders' doesn't exist"}
{"ts":"2026-04-09T13:07:51.932Z","event":"reservation.order.create.error","ip":"::1","user_id":1,"reservation_id":"1","message":"Table 'samgyup_db.reservation_orders' doesn't exist"}
{"ts":"2026-04-09T13:07:52.095Z","event":"reservation.order.create.error","ip":"::1","user_id":1,"reservation_id":"1","message":"Table 'samgyup_db.reservation_orders' doesn't exist"}
{"ts":"2026-04-09T13:07:59.929Z","event":"reservation.order.create.error","ip":"::1","user_id":1,"reservation_id":"1","message":"Table 'samgyup_db.reservation_orders' doesn't exist"}
{"ts":"2026-04-09T13:08:01.414Z","event":"reservation.order.create.error","ip":"::1","user_id":1,"reservation_id":"1","message":"Table 'samgyup_db.reservation_orders' doesn't exist"}
{"ts":"2026-04-09T13:08:01.735Z","event":"reservation.order.create.error","ip":"::1","user_id":1,"reservation_id":"1","message":"Table 'samgyup_db.reservation_orders' doesn't exist"}
{"ts":"2026-04-09T13:08:01.972Z","event":"reservation.order.create.error","ip":"::1","user_id":1,"reservation_id":"1","message":"Table 'samgyup_db.reservation_orders' doesn't exist"}
{"ts":"2026-04-09T13:08:15.755Z","event":"reservation.orders.list.error","ip":"::1","user_id":1,"reservation_id":"1","message":"Table 'samgyup_db.reservation_orders' doesn't exist"}
{"ts":"2026-04-09T13:08:23.812Z","event":"reservation.order.create.error","ip":"::1","user_id":1,"reservation_id":"1","message":"Table 'samgyup_db.reservation_orders' doesn't exist"}
{"ts":"2026-04-09T13:08:25.174Z","event":"reservation.order.create.error","ip":"::1","user_id":1,"reservation_id":"1","message":"Table 'samgyup_db.reservation_orders' doesn't exist"}
{"ts":"2026-04-09T13:08:26.526Z","event":"reservation.order.create.error","ip":"::1","user_id":1,"reservation_id":"1","message":"Table 'samgyup_db.reservation_orders' doesn't exist"}
{"ts":"2026-04-09T13:08:28.476Z","event":"reservation.order.create.error","ip":"::1","user_id":1,"reservation_id":"1","message":"Table 'samgyup_db.reservation_orders' doesn't exist"}
{"ts":"2026-04-09T13:08:29.391Z","event":"reservation.order.create.error","ip":"::1","user_id":1,"reservation_id":"1","message":"Table 'samgyup_db.reservation_orders' doesn't exist"}
{"ts":"2026-04-09T13:08:47.320Z","event":"reservation.cancel","ip":"::1","user_id":1,"email":"jianna_loyola@dlsu.edu.ph","reservation_id":1}
{"ts":"2026-04-09T13:09:05.895Z","event":"reservation.create","ip":"::1","user_id":1,"email":"jianna_loyola@dlsu.edu.ph","reservation_id":2,"branch_id":1,"branch_name":"BGC","assigned_tables":"1,2,3","reservation_time":"14:00","reservation_end_time":"16:00"}
{"ts":"2026-04-09T13:09:12.443Z","event":"reservation.orders.list.error","ip":"::1","user_id":1,"reservation_id":"2","message":"Table 'samgyup_db.reservation_orders' doesn't exist"}
{"ts":"2026-04-09T13:09:21.607Z","event":"reservation.order.create.error","ip":"::1","user_id":1,"reservation_id":"2","message":"Table 'samgyup_db.reservation_orders' doesn't exist"}
{"ts":"2026-04-09T13:09:24.710Z","event":"reservation.order.create.error","ip":"::1","user_id":1,"reservation_id":"2","message":"Table 'samgyup_db.reservation_orders' doesn't exist"}
{"ts":"2026-04-09T13:10:47.588Z","event":"reservation.order.create","ip":"::1","user_id":1,"email":"jianna_loyola@dlsu.edu.ph","reservation_id":2,"menu_item_id":12,"order_text":"Iced Tea Pitcher","quantity":3}
{"ts":"2026-04-09T13:11:01.518Z","event":"reservation.order.edit","ip":"::1","user_id":1,"email":"jianna_loyola@dlsu.edu.ph","order_id":1,"reservation_id":2,"menu_item_id":12,"order_text":"Iced Tea Pitcher","quantity":5}
{"ts":"2026-04-09T15:27:00.451Z","event":"auth.login.success","ip":"::1","email":"jianna_loyola@dlsu.edu.ph","user_id":1,"role":"customer"}
{"ts":"2026-04-09T16:06:33.959Z","event":"auth.login.success","ip":"::1","email":"fakehh24@gmail.com","user_id":17,"role":"customer"}
{"ts":"2026-04-09T16:36:47.714Z","event":"auth.login.success","ip":"::1","email":"fakehh24@gmail.com","user_id":17,"role":"customer"}
{"ts":"2026-04-09T16:37:37.200Z","event":"reservation.order.create","ip":"::1","user_id":17,"email":"fakehh24@gmail.com","reservation_id":1,"menu_item_id":12,"order_text":"Iced Tea Pitcher","quantity":10}
{"ts":"2026-04-09T16:39:14.009Z","event":"reservation.order.delete","ip":"::1","user_id":17,"email":"fakehh24@gmail.com","order_id":3,"reservation_id":1,"order_text":"Iced Tea Pitcher","quantity":10}
{"ts":"2026-04-09T16:50:21.464Z","event":"reservation.order.create","ip":"::1","user_id":17,"email":"fakehh24@gmail.com","reservation_id":1,"menu_item_id":12,"order_text":"Iced Tea Pitcher","quantity":2}
{"ts":"2026-04-09T16:50:30.395Z","event":"reservation.order.edit","ip":"::1","user_id":17,"email":"fakehh24@gmail.com","order_id":4,"reservation_id":1,"menu_item_id":12,"order_text":"Iced Tea Pitcher","quantity":1}
